

================================================================
== Synthesis Summary Report of 'KalmanFilterKernel'
================================================================
+ General Information: 
    * Date:           Sat Nov 26 17:57:20 2022
    * Version:        2020.2 (Build 3064766 on Wed Nov 18 09:12:47 MST 2020)
    * Project:        KF_kernel
    * Solution:       solution1 (Vivado IP Flow Target)
    * Product family: zynquplus
    * Target device:  xczu3eg-sbva484-1-i
    

+ Performance & Resource Estimates: 
    
    PS: '+' for module; 'o' for loop; '*' for dataflow
    +------------------------------------------+------+-------+---------+-----------+----------+---------+------+----------+---------+---------+-----------+-------------+-----+
    |                  Modules                 | Issue|       | Latency |  Latency  | Iteration|         | Trip |          |         |         |           |             |     |
    |                  & Loops                 | Type | Slack | (cycles)|    (ns)   |  Latency | Interval| Count| Pipelined|  BRAM   |   DSP   |     FF    |     LUT     | URAM|
    +------------------------------------------+------+-------+---------+-----------+----------+---------+------+----------+---------+---------+-----------+-------------+-----+
    |+ KalmanFilterKernel                      |     -|  -0.49|  3245427|  3.245e+07|         -|  3245428|     -|        no|  30 (6%)|  16 (4%)|  6233 (4%)|  15850 (22%)|    -|
    | + grp_matMultiply_float_6_6_6_2_fu_3230  |     -|  -1.82|      169|  1.690e+03|         -|      169|     -|        no|        -|  3 (~0%)|  407 (~0%)|    1154 (1%)|    -|
    |  o matMul_loop_L                         |     -|  -7.30|      168|  1.680e+03|        28|        -|     6|        no|        -|        -|          -|            -|    -|
    |   o matMul_loop_N                        |     -|  -7.30|       26|    260.000|        26|        -|     1|        no|        -|        -|          -|            -|    -|
    |    o matMul_loop_M                       |     -|  -7.30|       24|    240.000|         8|        -|     3|        no|        -|        -|          -|            -|    -|
    | + grp_matMultiply_float_6_6_6_4_fu_3243  |     -|  -1.28|      913|  9.130e+03|         -|      913|     -|        no|        -|  3 (~0%)|  423 (~0%)|    1214 (1%)|    -|
    |  o matMul_loop_L                         |     -|  -7.30|      912|  9.120e+03|       152|        -|     6|        no|        -|        -|          -|            -|    -|
    |   o matMul_loop_N                        |     -|  -7.30|      150|  1.500e+03|        50|        -|     3|        no|        -|        -|          -|            -|    -|
    |    o matMul_loop_M                       |     -|  -7.30|       48|    480.000|         8|        -|     6|        no|        -|        -|          -|            -|    -|
    | + grp_matMultiply_float_6_6_6_1_fu_3254  |     -|  -1.82|      949|  9.490e+03|         -|      949|     -|        no|        -|        -|  280 (~0%)|    1072 (1%)|    -|
    |  o matMul_loop_L                         |     -|  -7.30|      948|  9.480e+03|       158|        -|     6|        no|        -|        -|          -|            -|    -|
    |   o matMul_loop_N                        |     -|  -7.30|      156|  1.560e+03|        26|        -|     6|        no|        -|        -|          -|            -|    -|
    |    o matMul_loop_M                       |     -|  -7.30|       24|    240.000|         8|        -|     3|        no|        -|        -|          -|            -|    -|
    | + grp_matMultiply_float_6_6_6_s_fu_3262  |     -|  -1.28|     1813|  1.813e+04|         -|     1813|     -|        no|        -|  3 (~0%)|  388 (~0%)|    1199 (1%)|    -|
    |  o matMul_loop_L                         |     -|  -7.30|     1812|  1.812e+04|       302|        -|     6|        no|        -|        -|          -|            -|    -|
    |   o matMul_loop_N                        |     -|  -7.30|      300|  3.000e+03|        50|        -|     6|        no|        -|        -|          -|            -|    -|
    |    o matMul_loop_M                       |     -|  -7.30|       48|    480.000|         8|        -|     6|        no|        -|        -|          -|            -|    -|
    | + grp_matMultiply_float_6_6_6_5_fu_3270  |     -|  -1.28|      907|  9.070e+03|         -|      907|     -|        no|        -|        -|  247 (~0%)|    1057 (1%)|    -|
    |  o matMul_loop_L                         |     -|  -7.30|      906|  9.060e+03|       302|        -|     3|        no|        -|        -|          -|            -|    -|
    |   o matMul_loop_N                        |     -|  -7.30|      300|  3.000e+03|        50|        -|     6|        no|        -|        -|          -|            -|    -|
    |    o matMul_loop_M                       |     -|  -7.30|       48|    480.000|         8|        -|     6|        no|        -|        -|          -|            -|    -|
    | + grp_matMultiply_float_6_6_6_3_fu_3278  |     -|  -1.28|      481|  4.810e+03|         -|      481|     -|        no|        -|        -|  245 (~0%)|    1044 (1%)|    -|
    |  o matMul_loop_L                         |     -|  -7.30|      480|  4.800e+03|        80|        -|     6|        no|        -|        -|          -|            -|    -|
    |   o matMul_loop_N                        |     -|  -7.30|       78|    780.000|        26|        -|     3|        no|        -|        -|          -|            -|    -|
    |    o matMul_loop_M                       |     -|  -7.30|       24|    240.000|         8|        -|     3|        no|        -|        -|          -|            -|    -|
    | + grp_matMultiply_float_6_6_6_7_fu_3285  |     -|  -1.28|      313|  3.130e+03|         -|      313|     -|        no|  1 (~0%)|        -|  235 (~0%)|    1013 (1%)|    -|
    |  o matMul_loop_L                         |     -|  -7.30|      312|  3.120e+03|        52|        -|     6|        no|        -|        -|          -|            -|    -|
    |   o matMul_loop_N                        |     -|  -7.30|       50|    500.000|        50|        -|     1|        no|        -|        -|          -|            -|    -|
    |    o matMul_loop_M                       |     -|  -7.30|       48|    480.000|         8|        -|     6|        no|        -|        -|          -|            -|    -|
    | + grp_matMultiply_float_6_6_6_6_fu_3293  |     -|  -1.82|      157|  1.570e+03|         -|      157|     -|        no|        -|        -|  231 (~0%)|    1009 (1%)|    -|
    |  o matMul_loop_L                         |     -|  -7.30|      156|  1.560e+03|        52|        -|     3|        no|        -|        -|          -|            -|    -|
    |   o matMul_loop_N                        |     -|  -7.30|       50|    500.000|        50|        -|     1|        no|        -|        -|          -|            -|    -|
    |    o matMul_loop_M                       |     -|  -7.30|       48|    480.000|         8|        -|     6|        no|        -|        -|          -|            -|    -|
    | o VITIS_LOOP_45_1                        |     -|  -7.30|     1800|  1.800e+04|         2|        1|  1800|       yes|        -|        -|          -|            -|    -|
    | o Loop 2                                 |     -|  -7.30|       35|    350.000|         1|        1|    35|       yes|        -|        -|          -|            -|    -|
    | o VITIS_LOOP_76_2                        |     -|  -7.30|        6|     60.000|         2|        1|     6|       yes|        -|        -|          -|            -|    -|
    | o VITIS_LOOP_79_3                        |     -|  -7.30|  3241758|  3.242e+07|     10842|        -|   299|        no|        -|        -|          -|            -|    -|
    |  o VITIS_LOOP_41_1                       |     -|  -7.30|       54|    540.000|         9|        -|     6|        no|        -|        -|          -|            -|    -|
    |   o VITIS_LOOP_44_2                      |     -|  -7.30|        7|     70.000|         7|        -|     1|        no|        -|        -|          -|            -|    -|
    |  o VITIS_LOOP_41_1                       |     -|  -7.30|      300|  3.000e+03|        50|        -|     6|        no|        -|        -|          -|            -|    -|
    |   o VITIS_LOOP_44_2                      |     -|  -7.30|       48|    480.000|         8|        -|     6|        no|        -|        -|          -|            -|    -|
    |  o VITIS_LOOP_41_1                       |     -|  -7.30|       69|    690.000|        23|        -|     3|        no|        -|        -|          -|            -|    -|
    |   o VITIS_LOOP_44_2                      |     -|  -7.30|       21|    210.000|         7|        -|     3|        no|        -|        -|          -|            -|    -|
    |  o VITIS_LOOP_41_1                       |     -|  -7.30|       54|    540.000|         9|        -|     6|        no|        -|        -|          -|            -|    -|
    |   o VITIS_LOOP_44_2                      |     -|  -7.30|        7|     70.000|         7|        -|     1|        no|        -|        -|          -|            -|    -|
    | o VITIS_LOOP_153_13                      |     -|  -7.30|     1800|  1.800e+04|         2|        1|  1800|       yes|        -|        -|          -|            -|    -|
    +------------------------------------------+------+-------+---------+-----------+----------+---------+------+----------+---------+---------+-----------+-------------+-----+

